******************************************************************
       Point Estimates of Demand and WTP, U_FUNCTION: 1
******************************************************************

Time (in minutes):                      0.089959350
Total Generated Draws:                     10.000000



Mean for Demand
       BASELINE         SCENARIO #1      SCENARIO #2      SCENARIO #3
       2.7090000        2.3163000        2.1734000       0.95490000


       GOODS            BASELINE         SCENARIO #1      SCENARIO #2      SCENARIO #3

       1.0000000       0.60500000       0.21170000       0.60525000       0.21180000
       2.0000000       0.53650000       0.53665000        0.0000000       0.18430000
       3.0000000       0.53500000       0.53515000       0.53515000       0.19170000
       4.0000000       0.53550000       0.53560000       0.53560000       0.18855000
       5.0000000       0.49700000       0.49720000       0.49740000       0.17855000


Mean for WTP
       SCENARIO #1      SCENARIO #2      SCENARIO #3
      -3.5419271       -6.1512202       -15.912885

******************************************************************
       Krinsky-Robb Monte Carlo Simulation, U_FUNCTION: 1
******************************************************************
Time (in minutes):                        9.0460649
Number of Krinsky-Robb Iterations:        100.00000
Total Generated Draws:                     10.000000


Demand (Scenario #0 means the baseline)
       SCENARIO           MEAN            SD               95%lower         95%upper

       0.0000000        2.7090000    2.6779587e-15        2.7090000        2.7090000
       1.0000000        2.3154975     0.0095123534        2.2992000        2.3336500
       2.0000000        2.1735015    0.00023809588        2.1730500        2.1739500
       3.0000000       0.95343300      0.040000457       0.87685000        1.0293000


Demand for Each Good (Scenario #0 means the baseline)
       SCENARIO           GOOD              MEAN            SD             95%lower         95%upper

       0.0000000        1.0000000       0.60499850    1.1135075e-05       0.60495000       0.60500000
       0.0000000        2.0000000       0.53650100    1.0000000e-05       0.53650000       0.53655000
       0.0000000        3.0000000       0.53500050    5.0000000e-06       0.53500000       0.53500000
       0.0000000        4.0000000       0.53550000    1.0050378e-05       0.53550000       0.53550000
       0.0000000        5.0000000       0.49700000    5.5790806e-17       0.49700000       0.49700000
       1.0000000        1.0000000       0.21102100     0.0095503270       0.19475000       0.22925000
       1.0000000        2.0000000       0.53661200    7.5918617e-05       0.53650000       0.53680000
       1.0000000        3.0000000       0.53512550    7.9612382e-05       0.53500000       0.53530000
       1.0000000        4.0000000       0.53562050    8.8218908e-05       0.53550000       0.53585000
       1.0000000        5.0000000       0.49711850    8.5768952e-05       0.49700000       0.49730000
       2.0000000        1.0000000       0.60526200    0.00011351145       0.60505000       0.60550000
       2.0000000        2.0000000        0.0000000        0.0000000        0.0000000        0.0000000
       2.0000000        3.0000000       0.53523950    0.00010547990       0.53510000       0.53540000
       2.0000000        4.0000000       0.53575750    0.00010645220       0.53555000       0.53595000
       2.0000000        5.0000000       0.49724250    0.00012479782       0.49705000       0.49755000
       3.0000000        1.0000000       0.21111850     0.0095538100       0.19490000       0.22930000
       3.0000000        2.0000000       0.18341100     0.0098784803       0.16280000       0.20145000
       3.0000000        3.0000000       0.19186050      0.010572972       0.17530000       0.21255000
       3.0000000        4.0000000       0.18824150      0.012931324       0.15850000       0.20960000
       3.0000000        5.0000000       0.17880150      0.013501839       0.15120000       0.20225000


WTP
       SCENARIO           MEAN            SD               95%lower         95%upper

       1.0000000       -3.5423039      0.069632509       -3.6655675       -3.4198478
       2.0000000       -6.1473089       0.42888335       -6.9674729       -5.3195009
       3.0000000       -15.921517       0.29089441       -16.496975       -15.368635
